TN:
SF:src/app.js
FNF:0
FNH:0
DA:1,1
DA:2,1
DA:3,1
DA:4,1
DA:6,1
DA:7,1
DA:8,1
DA:9,1
DA:10,1
DA:11,1
DA:13,1
LF:11
LH:11
BRF:0
BRH:0
end_of_record
TN:
SF:src/settings.js
FNF:0
FNH:0
DA:1,1
DA:3,1
DA:4,1
DA:5,1
LF:4
LH:4
BRF:0
BRH:0
end_of_record
TN:
SF:src/controllers/home.js
FN:3,indexPage
FNF:1
FNH:1
FNDA:1,indexPage
DA:1,1
DA:3,2
LF:2
LH:2
BRF:0
BRH:0
end_of_record
TN:
SF:src/controllers/index.js
FN:1,(anonymous_0)
FN:2,(anonymous_2)
FNF:2
FNH:2
FNDA:2,(anonymous_0)
FNDA:4,(anonymous_2)
DA:1,5
DA:2,8
LF:2
LH:2
BRDA:1,0,0,1
BRDA:1,0,1,2
BRDA:2,1,0,2
BRDA:2,1,1,4
BRF:4
BRH:4
end_of_record
TN:
SF:src/controllers/messages.js
FN:4,(anonymous_0)
FN:4,_callee
FN:4,messagesPage
FN:13,(anonymous_4)
FN:13,_callee2
FN:13,addMessage
FNF:6
FNH:6
FNDA:1,(anonymous_0)
FNDA:3,_callee
FNDA:1,messagesPage
FNDA:1,(anonymous_4)
FNDA:3,_callee2
FNDA:1,addMessage
DA:1,1
DA:3,1
DA:4,12
DA:6,1
DA:7,1
DA:9,0
DA:13,13
DA:15,1
DA:16,1
DA:18,1
DA:19,1
DA:21,0
LF:12
LH:10
BRDA:4,0,0,1
BRDA:4,0,1,1
BRDA:4,0,2,0
BRDA:4,0,3,1
BRDA:4,0,4,1
BRDA:13,1,0,1
BRDA:13,1,1,1
BRDA:13,1,2,0
BRDA:13,1,3,1
BRDA:13,1,4,1
BRF:10
BRH:8
end_of_record
TN:
SF:src/models/model.js
FN:4,Model
FN:9,(anonymous_2)
FNF:2
FNH:1
FNDA:1,Model
FNDA:0,(anonymous_2)
DA:1,1
DA:4,1
DA:5,1
DA:6,1
DA:7,1
DA:9,0
DA:24,1
DA:29,1
LF:8
LH:7
BRDA:24,0,0,0
BRDA:24,0,1,1
BRF:2
BRH:1
end_of_record
TN:
SF:src/models/pool.js
FNF:0
FNH:0
DA:1,1
DA:2,1
DA:3,1
DA:5,1
DA:7,1
LF:5
LH:5
BRF:0
BRH:0
end_of_record
TN:
SF:src/routes/index.js
FNF:0
FNH:0
DA:1,1
DA:2,1
DA:9,1
DA:11,1
DA:12,1
DA:13,1
DA:15,1
LF:7
LH:7
BRF:0
BRH:0
end_of_record
TN:
SF:src/utils/queries.js
FNF:0
FNH:0
DA:1,1
DA:10,1
DA:16,1
LF:3
LH:3
BRF:0
BRH:0
end_of_record
TN:
SF:src/utils/queryFunctions.js
FN:8,(anonymous_0)
FN:8,_callee2
FN:8,(anonymous_3)
FN:10,(anonymous_4)
FN:10,_callee
FN:8,executeQueryArray
FN:16,dropTables
FN:17,createTables
FN:18,insertIntoTables
FNF:9
FNH:9
FNDA:1,(anonymous_0)
FNDA:9,_callee2
FNDA:3,(anonymous_3)
FNDA:6,(anonymous_4)
FNDA:9,_callee
FNDA:3,executeQueryArray
FNDA:1,dropTables
FNDA:1,createTables
FNDA:1,insertIntoTables
DA:1,1
DA:2,1
DA:8,21
DA:9,3
DA:10,24
DA:12,3
DA:16,2
DA:17,2
DA:18,2
LF:9
LH:9
BRDA:8,0,0,3
BRDA:8,0,1,0
BRDA:8,0,2,3
BRDA:10,1,0,3
BRDA:10,1,1,3
BRDA:10,1,2,3
BRDA:10,1,3,3
BRDA:12,2,0,3
BRDA:12,2,1,0
BRF:9
BRH:7
end_of_record
